{"/home/taissa/mentoria/project-form/src/js/validator.js": {"path":"/home/taissa/mentoria/project-form/src/js/validator.js","statementMap":{"0":{"start":{"line":1,"column":18},"end":{"line":76,"column":1}},"1":{"start":{"line":3,"column":25},"end":{"line":3,"column":56}},"2":{"start":{"line":4,"column":26},"end":{"line":4,"column":70}},"3":{"start":{"line":5,"column":4},"end":{"line":5,"column":40}},"4":{"start":{"line":6,"column":4},"end":{"line":6,"column":50}},"5":{"start":{"line":9,"column":25},"end":{"line":9,"column":56}},"6":{"start":{"line":10,"column":4},"end":{"line":10,"column":52}},"7":{"start":{"line":15,"column":8},"end":{"line":15,"column":39}},"8":{"start":{"line":17,"column":27},"end":{"line":17,"column":60}},"9":{"start":{"line":21,"column":8},"end":{"line":21,"column":39}},"10":{"start":{"line":23,"column":27},"end":{"line":23,"column":60}},"11":{"start":{"line":27,"column":20},"end":{"line":27,"column":34}},"12":{"start":{"line":28,"column":8},"end":{"line":28,"column":40}},"13":{"start":{"line":30,"column":21},"end":{"line":30,"column":43}},"14":{"start":{"line":34,"column":20},"end":{"line":34,"column":51}},"15":{"start":{"line":35,"column":4},"end":{"line":35,"column":45}},"16":{"start":{"line":38,"column":28},"end":{"line":38,"column":32}},"17":{"start":{"line":39,"column":4},"end":{"line":42,"column":7}},"18":{"start":{"line":40,"column":27},"end":{"line":40,"column":61}},"19":{"start":{"line":41,"column":6},"end":{"line":41,"column":40}},"20":{"start":{"line":44,"column":4},"end":{"line":44,"column":29}},"21":{"start":{"line":47,"column":19},"end":{"line":47,"column":34}},"22":{"start":{"line":48,"column":27},"end":{"line":48,"column":31}},"23":{"start":{"line":49,"column":31},"end":{"line":49,"column":53}},"24":{"start":{"line":51,"column":4},"end":{"line":69,"column":5}},"25":{"start":{"line":52,"column":20},"end":{"line":52,"column":53}},"26":{"start":{"line":53,"column":6},"end":{"line":68,"column":9}},"27":{"start":{"line":54,"column":8},"end":{"line":67,"column":9}},"28":{"start":{"line":55,"column":10},"end":{"line":55,"column":79}},"29":{"start":{"line":56,"column":10},"end":{"line":61,"column":11}},"30":{"start":{"line":57,"column":12},"end":{"line":60,"column":14}},"31":{"start":{"line":63,"column":10},"end":{"line":66,"column":12}},"32":{"start":{"line":71,"column":4},"end":{"line":73,"column":5}},"33":{"start":{"line":72,"column":6},"end":{"line":72,"column":38}},"34":{"start":{"line":74,"column":4},"end":{"line":74,"column":28}}},"fnMap":{"0":{"name":"(anonymous_0)","decl":{"start":{"line":2,"column":15},"end":{"line":2,"column":16}},"loc":{"start":{"line":2,"column":36},"end":{"line":7,"column":3}},"line":2},"1":{"name":"(anonymous_1)","decl":{"start":{"line":8,"column":17},"end":{"line":8,"column":18}},"loc":{"start":{"line":8,"column":29},"end":{"line":11,"column":3}},"line":8},"2":{"name":"(anonymous_2)","decl":{"start":{"line":14,"column":16},"end":{"line":14,"column":17}},"loc":{"start":{"line":14,"column":28},"end":{"line":16,"column":7}},"line":14},"3":{"name":"(anonymous_3)","decl":{"start":{"line":17,"column":15},"end":{"line":17,"column":16}},"loc":{"start":{"line":17,"column":27},"end":{"line":17,"column":60}},"line":17},"4":{"name":"(anonymous_4)","decl":{"start":{"line":20,"column":16},"end":{"line":20,"column":17}},"loc":{"start":{"line":20,"column":28},"end":{"line":22,"column":7}},"line":20},"5":{"name":"(anonymous_5)","decl":{"start":{"line":23,"column":15},"end":{"line":23,"column":16}},"loc":{"start":{"line":23,"column":27},"end":{"line":23,"column":60}},"line":23},"6":{"name":"(anonymous_6)","decl":{"start":{"line":26,"column":16},"end":{"line":26,"column":17}},"loc":{"start":{"line":26,"column":28},"end":{"line":29,"column":7}},"line":26},"7":{"name":"(anonymous_7)","decl":{"start":{"line":30,"column":15},"end":{"line":30,"column":16}},"loc":{"start":{"line":30,"column":21},"end":{"line":30,"column":43}},"line":30},"8":{"name":"(anonymous_8)","decl":{"start":{"line":33,"column":16},"end":{"line":33,"column":17}},"loc":{"start":{"line":33,"column":27},"end":{"line":36,"column":3}},"line":33},"9":{"name":"(anonymous_9)","decl":{"start":{"line":37,"column":18},"end":{"line":37,"column":19}},"loc":{"start":{"line":37,"column":31},"end":{"line":45,"column":3}},"line":37},"10":{"name":"(anonymous_10)","decl":{"start":{"line":39,"column":20},"end":{"line":39,"column":21}},"loc":{"start":{"line":39,"column":32},"end":{"line":42,"column":5}},"line":39},"11":{"name":"(anonymous_11)","decl":{"start":{"line":46,"column":20},"end":{"line":46,"column":21}},"loc":{"start":{"line":46,"column":32},"end":{"line":75,"column":3}},"line":46},"12":{"name":"(anonymous_12)","decl":{"start":{"line":53,"column":20},"end":{"line":53,"column":21}},"loc":{"start":{"line":53,"column":30},"end":{"line":68,"column":7}},"line":53}},"branchMap":{"0":{"loc":{"start":{"line":51,"column":4},"end":{"line":69,"column":5}},"type":"if","locations":[{"start":{"line":51,"column":4},"end":{"line":69,"column":5}},{"start":{},"end":{}}],"line":51},"1":{"loc":{"start":{"line":56,"column":10},"end":{"line":61,"column":11}},"type":"if","locations":[{"start":{"line":56,"column":10},"end":{"line":61,"column":11}},{"start":{},"end":{}}],"line":56},"2":{"loc":{"start":{"line":71,"column":4},"end":{"line":73,"column":5}},"type":"if","locations":[{"start":{"line":71,"column":4},"end":{"line":73,"column":5}},{"start":{},"end":{}}],"line":71}},"s":{"0":1,"1":0,"2":0,"3":0,"4":0,"5":0,"6":0,"7":0,"8":0,"9":2,"10":1,"11":2,"12":2,"13":1,"14":0,"15":0,"16":0,"17":0,"18":0,"19":0,"20":0,"21":0,"22":0,"23":0,"24":0,"25":0,"26":0,"27":0,"28":0,"29":0,"30":0,"31":0,"32":0,"33":0,"34":0},"f":{"0":0,"1":0,"2":0,"3":0,"4":2,"5":1,"6":2,"7":1,"8":0,"9":0,"10":0,"11":0,"12":0},"b":{"0":[0,0],"1":[0,0],"2":[0,0]},"_coverageSchema":"1a1c01bbd47fc00a2c39e90264f33305004495a9","hash":"9b57c5030e357b00164d8fbf923e4bc68bf2b608"}
}
